nohup: ignoring input
Starting to build with relay.
One or more operators have not been tuned. Please tune your model for better performance. Use DEBUG logging level to see more details.
[13:28:20] /home/yj/tvm/src/te/schedule/bound.cc:119: not in feed graph consumer = compute(placeholder_red_temp.repl, body=[reduce(combiner=comm_reducer(result=[select(((argmax_lhs_1 > argmax_rhs_1) || ((argmax_lhs_1 == argmax_rhs_1) && (argmax_lhs_0 < argmax_rhs_0))), argmax_lhs_0, argmax_rhs_0), select((argmax_lhs_1 > argmax_rhs_1), argmax_lhs_1, argmax_rhs_1)], lhs=[argmax_lhs_0, argmax_lhs_1], rhs=[argmax_rhs_0, argmax_rhs_1], identity_element=[-1, -3.40282e+38f]), source=[placeholder_red_temp.rf.v0[k1.inner.v, ax0], placeholder_red_temp.rf.v1[k1.inner.v, ax0]], init=[], axis=[iter_var(k1.inner.v, range(min=0, ext=32))], where=(bool)1, value_index=0), reduce(combiner=comm_reducer(result=[select(((argmax_lhs_1 > argmax_rhs_1) || ((argmax_lhs_1 == argmax_rhs_1) && (argmax_lhs_0 < argmax_rhs_0))), argmax_lhs_0, argmax_rhs_0), select((argmax_lhs_1 > argmax_rhs_1), argmax_lhs_1, argmax_rhs_1)], lhs=[argmax_lhs_0, argmax_lhs_1], rhs=[argmax_rhs_0, argmax_rhs_1], identity_element=[-1, -3.40282e+38f]), source=[placeholder_red_temp.rf.v0[k1.inner.v, ax0], placeholder_red_temp.rf.v1[k1.inner.v, ax0]], init=[], axis=[iter_var(k1.inner.v, range(min=0, ext=32))], where=(bool)1, value_index=1)], axis=[iter_var(ax0, range(min=0, ext=1))], reduce_axis=[iter_var(k1.inner.v, range(min=0, ext=32))], tag=, attrs={})
Traceback (most recent call last):
  File "/home/yj/tvm/python/tvm/testing/test_meta_schedule.py", line 91, in <module>
    rt_mod1: tvm.runtime.Module = tune_relay(
  File "/home/yj/tvm/python/tvm/meta_schedule/tune.py", line 888, in tune_relay
    database = tune_extracted_tasks(
  File "/home/yj/tvm/python/tvm/meta_schedule/tune.py", line 806, in tune_extracted_tasks
    task_scheduler = Parse._task_scheduler(
  File "/home/yj/tvm/python/tvm/meta_schedule/tune.py", line 497, in _task_scheduler
    return GradientBased(
  File "/home/yj/tvm/python/tvm/meta_schedule/task_scheduler/gradient_based.py", line 80, in __init__
    self.__init_handle_by_constructor__(
  File "/home/yj/tvm/python/tvm/_ffi/_ctypes/object.py", line 136, in __init_handle_by_constructor__
    handle = __init_by_constructor__(fconstructor, args)
  File "/home/yj/tvm/python/tvm/_ffi/_ctypes/packed_func.py", line 260, in __init_handle_by_constructor__
    raise get_last_ffi_error()
tvm._ffi.base.TVMError: Traceback (most recent call last):
  57: TVMFuncCall
        at /home/yj/tvm/src/runtime/c_runtime_api.cc:477
  56: tvm::runtime::PackedFuncObj::CallPacked(tvm::runtime::TVMArgs, tvm::runtime::TVMRetValue*) const
        at /home/yj/tvm/include/tvm/runtime/packed_func.h:1217
  55: tvm::runtime::PackedFuncObj::Extractor<tvm::runtime::PackedFuncSubObj<tvm::runtime::TypedPackedFunc<tvm::meta_schedule::TaskScheduler (tvm::runtime::Array<tvm::meta_schedule::TuneContext, void>, tvm::runtime::Array<tvm::FloatImm, void>, tvm::meta_schedule::Builder, tvm::meta_schedule::Runner, tvm::meta_schedule::Database, int, tvm::runtime::Optional<tvm::meta_schedule::CostModel>, tvm::runtime::Optional<tvm::runtime::Array<tvm::meta_schedule::MeasureCallback, void> >, double, int, long)>::AssignTypedLambda<tvm::meta_schedule::TaskScheduler (*)(tvm::runtime::Array<tvm::meta_schedule::TuneContext, void>, tvm::runtime::Array<tvm::FloatImm, void>, tvm::meta_schedule::Builder, tvm::meta_schedule::Runner, tvm::meta_schedule::Database, int, tvm::runtime::Optional<tvm::meta_schedule::CostModel>, tvm::runtime::Optional<tvm::runtime::Array<tvm::meta_schedule::MeasureCallback, void> >, double, int, long)>(tvm::meta_schedule::TaskScheduler (*)(tvm::runtime::Array<tvm::meta_schedule::TuneContext, void>, tvm::runtime::Array<tvm::FloatImm, void>, tvm::meta_schedule::Builder, tvm::meta_schedule::Runner, tvm::meta_schedule::Database, int, tvm::runtime::Optional<tvm::meta_schedule::CostModel>, tvm::runtime::Optional<tvm::runtime::Array<tvm::meta_schedule::MeasureCallback, void> >, double, int, long), std::__cxx11::basic_string<char, std::char_traits<char>, std::allocator<char> >)::{lambda(tvm::runtime::TVMArgs const&, tvm::runtime::TVMRetValue*)#1}> >::Call(tvm::runtime::PackedFuncObj const*, tvm::runtime::TVMArgs, tvm::runtime::TVMRetValue*)
        at /home/yj/tvm/include/tvm/runtime/packed_func.h:1213
  54: tvm::runtime::TypedPackedFunc<tvm::meta_schedule::TaskScheduler (tvm::runtime::Array<tvm::meta_schedule::TuneContext, void>, tvm::runtime::Array<tvm::FloatImm, void>, tvm::meta_schedule::Builder, tvm::meta_schedule::Runner, tvm::meta_schedule::Database, int, tvm::runtime::Optional<tvm::meta_schedule::CostModel>, tvm::runtime::Optional<tvm::runtime::Array<tvm::meta_schedule::MeasureCallback, void> >, double, int, long)>::AssignTypedLambda<tvm::meta_schedule::TaskScheduler (*)(tvm::runtime::Array<tvm::meta_schedule::TuneContext, void>, tvm::runtime::Array<tvm::FloatImm, void>, tvm::meta_schedule::Builder, tvm::meta_schedule::Runner, tvm::meta_schedule::Database, int, tvm::runtime::Optional<tvm::meta_schedule::CostModel>, tvm::runtime::Optional<tvm::runtime::Array<tvm::meta_schedule::MeasureCallback, void> >, double, int, long)>(tvm::meta_schedule::TaskScheduler (*)(tvm::runtime::Array<tvm::meta_schedule::TuneContext, void>, tvm::runtime::Array<tvm::FloatImm, void>, tvm::meta_schedule::Builder, tvm::meta_schedule::Runner, tvm::meta_schedule::Database, int, tvm::runtime::Optional<tvm::meta_schedule::CostModel>, tvm::runtime::Optional<tvm::runtime::Array<tvm::meta_schedule::MeasureCallback, void> >, double, int, long), std::__cxx11::basic_string<char, std::char_traits<char>, std::allocator<char> >)::{lambda(tvm::runtime::TVMArgs const&, tvm::runtime::TVMRetValue*)#1}::operator()(tvm::runtime::TVMArgs const&, tvm::runtime::TVMRetValue*) const
        at /home/yj/tvm/include/tvm/runtime/packed_func.h:1731
  53: void tvm::runtime::detail::unpack_call<tvm::meta_schedule::TaskScheduler, 11, tvm::meta_schedule::TaskScheduler (*)(tvm::runtime::Array<tvm::meta_schedule::TuneContext, void>, tvm::runtime::Array<tvm::FloatImm, void>, tvm::meta_schedule::Builder, tvm::meta_schedule::Runner, tvm::meta_schedule::Database, int, tvm::runtime::Optional<tvm::meta_schedule::CostModel>, tvm::runtime::Optional<tvm::runtime::Array<tvm::meta_schedule::MeasureCallback, void> >, double, int, long)>(std::__cxx11::basic_string<char, std::char_traits<char>, std::allocator<char> > const*, tvm::meta_schedule::TaskScheduler (* const&)(tvm::runtime::Array<tvm::meta_schedule::TuneContext, void>, tvm::runtime::Array<tvm::FloatImm, void>, tvm::meta_schedule::Builder, tvm::meta_schedule::Runner, tvm::meta_schedule::Database, int, tvm::runtime::Optional<tvm::meta_schedule::CostModel>, tvm::runtime::Optional<tvm::runtime::Array<tvm::meta_schedule::MeasureCallback, void> >, double, int, long), tvm::runtime::TVMArgs const&, tvm::runtime::TVMRetValue*)
        at /home/yj/tvm/include/tvm/runtime/packed_func.h:1671
  52: void tvm::runtime::detail::unpack_call_dispatcher<tvm::meta_schedule::TaskScheduler, 11, 0, tvm::meta_schedule::TaskScheduler (*)(tvm::runtime::Array<tvm::meta_schedule::TuneContext, void>, tvm::runtime::Array<tvm::FloatImm, void>, tvm::meta_schedule::Builder, tvm::meta_schedule::Runner, tvm::meta_schedule::Database, int, tvm::runtime::Optional<tvm::meta_schedule::CostModel>, tvm::runtime::Optional<tvm::runtime::Array<tvm::meta_schedule::MeasureCallback, void> >, double, int, long)>::run<>(std::__cxx11::basic_string<char, std::char_traits<char>, std::allocator<char> > const*, std::__cxx11::basic_string<char, std::char_traits<char>, std::allocator<char> > (*)(), tvm::meta_schedule::TaskScheduler (* const&)(tvm::runtime::Array<tvm::meta_schedule::TuneContext, void>, tvm::runtime::Array<tvm::FloatImm, void>, tvm::meta_schedule::Builder, tvm::meta_schedule::Runner, tvm::meta_schedule::Database, int, tvm::runtime::Optional<tvm::meta_schedule::CostModel>, tvm::runtime::Optional<tvm::runtime::Array<tvm::meta_schedule::MeasureCallback, void> >, double, int, long), tvm::runtime::TVMArgs const&, tvm::runtime::TVMRetValue*)
        at /home/yj/tvm/include/tvm/runtime/packed_func.h:1631
  51: void tvm::runtime::detail::unpack_call_dispatcher<tvm::meta_schedule::TaskScheduler, 10, 1, tvm::meta_schedule::TaskScheduler (*)(tvm::runtime::Array<tvm::meta_schedule::TuneContext, void>, tvm::runtime::Array<tvm::FloatImm, void>, tvm::meta_schedule::Builder, tvm::meta_schedule::Runner, tvm::meta_schedule::Database, int, tvm::runtime::Optional<tvm::meta_schedule::CostModel>, tvm::runtime::Optional<tvm::runtime::Array<tvm::meta_schedule::MeasureCallback, void> >, double, int, long)>::run<tvm::runtime::TVMMovableArgValueWithContext_>(std::__cxx11::basic_string<char, std::char_traits<char>, std::allocator<char> > const*, std::__cxx11::basic_string<char, std::char_traits<char>, std::allocator<char> > (*)(), tvm::meta_schedule::TaskScheduler (* const&)(tvm::runtime::Array<tvm::meta_schedule::TuneContext, void>, tvm::runtime::Array<tvm::FloatImm, void>, tvm::meta_schedule::Builder, tvm::meta_schedule::Runner, tvm::meta_schedule::Database, int, tvm::runtime::Optional<tvm::meta_schedule::CostModel>, tvm::runtime::Optional<tvm::runtime::Array<tvm::meta_schedule::MeasureCallback, void> >, double, int, long), tvm::runtime::TVMArgs const&, tvm::runtime::TVMRetValue*, tvm::runtime::TVMMovableArgValueWithContext_&&)
        at /home/yj/tvm/include/tvm/runtime/packed_func.h:1631
  50: void tvm::runtime::detail::unpack_call_dispatcher<tvm::meta_schedule::TaskScheduler, 9, 2, tvm::meta_schedule::TaskScheduler (*)(tvm::runtime::Array<tvm::meta_schedule::TuneContext, void>, tvm::runtime::Array<tvm::FloatImm, void>, tvm::meta_schedule::Builder, tvm::meta_schedule::Runner, tvm::meta_schedule::Database, int, tvm::runtime::Optional<tvm::meta_schedule::CostModel>, tvm::runtime::Optional<tvm::runtime::Array<tvm::meta_schedule::MeasureCallback, void> >, double, int, long)>::run<tvm::runtime::TVMMovableArgValueWithContext_, tvm::runtime::TVMMovableArgValueWithContext_>(std::__cxx11::basic_string<char, std::char_traits<char>, std::allocator<char> > const*, std::__cxx11::basic_string<char, std::char_traits<char>, std::allocator<char> > (*)(), tvm::meta_schedule::TaskScheduler (* const&)(tvm::runtime::Array<tvm::meta_schedule::TuneContext, void>, tvm::runtime::Array<tvm::FloatImm, void>, tvm::meta_schedule::Builder, tvm::meta_schedule::Runner, tvm::meta_schedule::Database, int, tvm::runtime::Optional<tvm::meta_schedule::CostModel>, tvm::runtime::Optional<tvm::runtime::Array<tvm::meta_schedule::MeasureCallback, void> >, double, int, long), tvm::runtime::TVMArgs const&, tvm::runtime::TVMRetValue*, tvm::runtime::TVMMovableArgValueWithContext_&&, tvm::runtime::TVMMovableArgValueWithContext_&&)
        at /home/yj/tvm/include/tvm/runtime/packed_func.h:1631
  49: void tvm::runtime::detail::unpack_call_dispatcher<tvm::meta_schedule::TaskScheduler, 8, 3, tvm::meta_schedule::TaskScheduler (*)(tvm::runtime::Array<tvm::meta_schedule::TuneContext, void>, tvm::runtime::Array<tvm::FloatImm, void>, tvm::meta_schedule::Builder, tvm::meta_schedule::Runner, tvm::meta_schedule::Database, int, tvm::runtime::Optional<tvm::meta_schedule::CostModel>, tvm::runtime::Optional<tvm::runtime::Array<tvm::meta_schedule::MeasureCallback, void> >, double, int, long)>::run<tvm::runtime::TVMMovableArgValueWithContext_, tvm::runtime::TVMMovableArgValueWithContext_, tvm::runtime::TVMMovableArgValueWithContext_>(std::__cxx11::basic_string<char, std::char_traits<char>, std::allocator<char> > const*, std::__cxx11::basic_string<char, std::char_traits<char>, std::allocator<char> > (*)(), tvm::meta_schedule::TaskScheduler (* const&)(tvm::runtime::Array<tvm::meta_schedule::TuneContext, void>, tvm::runtime::Array<tvm::FloatImm, void>, tvm::meta_schedule::Builder, tvm::meta_schedule::Runner, tvm::meta_schedule::Database, int, tvm::runtime::Optional<tvm::meta_schedule::CostModel>, tvm::runtime::Optional<tvm::runtime::Array<tvm::meta_schedule::MeasureCallback, void> >, double, int, long), tvm::runtime::TVMArgs const&, tvm::runtime::TVMRetValue*, tvm::runtime::TVMMovableArgValueWithContext_&&, tvm::runtime::TVMMovableArgValueWithContext_&&, tvm::runtime::TVMMovableArgValueWithContext_&&)
        at /home/yj/tvm/include/tvm/runtime/packed_func.h:1631
  48: void tvm::runtime::detail::unpack_call_dispatcher<tvm::meta_schedule::TaskScheduler, 7, 4, tvm::meta_schedule::TaskScheduler (*)(tvm::runtime::Array<tvm::meta_schedule::TuneContext, void>, tvm::runtime::Array<tvm::FloatImm, void>, tvm::meta_schedule::Builder, tvm::meta_schedule::Runner, tvm::meta_schedule::Database, int, tvm::runtime::Optional<tvm::meta_schedule::CostModel>, tvm::runtime::Optional<tvm::runtime::Array<tvm::meta_schedule::MeasureCallback, void> >, double, int, long)>::run<tvm::runtime::TVMMovableArgValueWithContext_, tvm::runtime::TVMMovableArgValueWithContext_, tvm::runtime::TVMMovableArgValueWithContext_, tvm::runtime::TVMMovableArgValueWithContext_>(std::__cxx11::basic_string<char, std::char_traits<char>, std::allocator<char> > const*, std::__cxx11::basic_string<char, std::char_traits<char>, std::allocator<char> > (*)(), tvm::meta_schedule::TaskScheduler (* const&)(tvm::runtime::Array<tvm::meta_schedule::TuneContext, void>, tvm::runtime::Array<tvm::FloatImm, void>, tvm::meta_schedule::Builder, tvm::meta_schedule::Runner, tvm::meta_schedule::Database, int, tvm::runtime::Optional<tvm::meta_schedule::CostModel>, tvm::runtime::Optional<tvm::runtime::Array<tvm::meta_schedule::MeasureCallback, void> >, double, int, long), tvm::runtime::TVMArgs const&, tvm::runtime::TVMRetValue*, tvm::runtime::TVMMovableArgValueWithContext_&&, tvm::runtime::TVMMovableArgValueWithContext_&&, tvm::runtime::TVMMovableArgValueWithContext_&&, tvm::runtime::TVMMovableArgValueWithContext_&&)
        at /home/yj/tvm/include/tvm/runtime/packed_func.h:1631
  47: void tvm::runtime::detail::unpack_call_dispatcher<tvm::meta_schedule::TaskScheduler, 6, 5, tvm::meta_schedule::TaskScheduler (*)(tvm::runtime::Array<tvm::meta_schedule::TuneContext, void>, tvm::runtime::Array<tvm::FloatImm, void>, tvm::meta_schedule::Builder, tvm::meta_schedule::Runner, tvm::meta_schedule::Database, int, tvm::runtime::Optional<tvm::meta_schedule::CostModel>, tvm::runtime::Optional<tvm::runtime::Array<tvm::meta_schedule::MeasureCallback, void> >, double, int, long)>::run<tvm::runtime::TVMMovableArgValueWithContext_, tvm::runtime::TVMMovableArgValueWithContext_, tvm::runtime::TVMMovableArgValueWithContext_, tvm::runtime::TVMMovableArgValueWithContext_, tvm::runtime::TVMMovableArgValueWithContext_>(std::__cxx11::basic_string<char, std::char_traits<char>, std::allocator<char> > const*, std::__cxx11::basic_string<char, std::char_traits<char>, std::allocator<char> > (*)(), tvm::meta_schedule::TaskScheduler (* const&)(tvm::runtime::Array<tvm::meta_schedule::TuneContext, void>, tvm::runtime::Array<tvm::FloatImm, void>, tvm::meta_schedule::Builder, tvm::meta_schedule::Runner, tvm::meta_schedule::Database, int, tvm::runtime::Optional<tvm::meta_schedule::CostModel>, tvm::runtime::Optional<tvm::runtime::Array<tvm::meta_schedule::MeasureCallback, void> >, double, int, long), tvm::runtime::TVMArgs const&, tvm::runtime::TVMRetValue*, tvm::runtime::TVMMovableArgValueWithContext_&&, tvm::runtime::TVMMovableArgValueWithContext_&&, tvm::runtime::TVMMovableArgValueWithContext_&&, tvm::runtime::TVMMovableArgValueWithContext_&&, tvm::runtime::TVMMovableArgValueWithContext_&&)
        at /home/yj/tvm/include/tvm/runtime/packed_func.h:1631
  46: void tvm::runtime::detail::unpack_call_dispatcher<tvm::meta_schedule::TaskScheduler, 5, 6, tvm::meta_schedule::TaskScheduler (*)(tvm::runtime::Array<tvm::meta_schedule::TuneContext, void>, tvm::runtime::Array<tvm::FloatImm, void>, tvm::meta_schedule::Builder, tvm::meta_schedule::Runner, tvm::meta_schedule::Database, int, tvm::runtime::Optional<tvm::meta_schedule::CostModel>, tvm::runtime::Optional<tvm::runtime::Array<tvm::meta_schedule::MeasureCallback, void> >, double, int, long)>::run<tvm::runtime::TVMMovableArgValueWithContext_, tvm::runtime::TVMMovableArgValueWithContext_, tvm::runtime::TVMMovableArgValueWithContext_, tvm::runtime::TVMMovableArgValueWithContext_, tvm::runtime::TVMMovableArgValueWithContext_, tvm::runtime::TVMMovableArgValueWithContext_>(std::__cxx11::basic_string<char, std::char_traits<char>, std::allocator<char> > const*, std::__cxx11::basic_string<char, std::char_traits<char>, std::allocator<char> > (*)(), tvm::meta_schedule::TaskScheduler (* const&)(tvm::runtime::Array<tvm::meta_schedule::TuneContext, void>, tvm::runtime::Array<tvm::FloatImm, void>, tvm::meta_schedule::Builder, tvm::meta_schedule::Runner, tvm::meta_schedule::Database, int, tvm::runtime::Optional<tvm::meta_schedule::CostModel>, tvm::runtime::Optional<tvm::runtime::Array<tvm::meta_schedule::MeasureCallback, void> >, double, int, long), tvm::runtime::TVMArgs const&, tvm::runtime::TVMRetValue*, tvm::runtime::TVMMovableArgValueWithContext_&&, tvm::runtime::TVMMovableArgValueWithContext_&&, tvm::runtime::TVMMovableArgValueWithContext_&&, tvm::runtime::TVMMovableArgValueWithContext_&&, tvm::runtime::TVMMovableArgValueWithContext_&&, tvm::runtime::TVMMovableArgValueWithContext_&&)
        at /home/yj/tvm/include/tvm/runtime/packed_func.h:1631
  45: void tvm::runtime::detail::unpack_call_dispatcher<tvm::meta_schedule::TaskScheduler, 4, 7, tvm::meta_schedule::TaskScheduler (*)(tvm::runtime::Array<tvm::meta_schedule::TuneContext, void>, tvm::runtime::Array<tvm::FloatImm, void>, tvm::meta_schedule::Builder, tvm::meta_schedule::Runner, tvm::meta_schedule::Database, int, tvm::runtime::Optional<tvm::meta_schedule::CostModel>, tvm::runtime::Optional<tvm::runtime::Array<tvm::meta_schedule::MeasureCallback, void> >, double, int, long)>::run<tvm::runtime::TVMMovableArgValueWithContext_, tvm::runtime::TVMMovableArgValueWithContext_, tvm::runtime::TVMMovableArgValueWithContext_, tvm::runtime::TVMMovableArgValueWithContext_, tvm::runtime::TVMMovableArgValueWithContext_, tvm::runtime::TVMMovableArgValueWithContext_, tvm::runtime::TVMMovableArgValueWithContext_>(std::__cxx11::basic_string<char, std::char_traits<char>, std::allocator<char> > const*, std::__cxx11::basic_string<char, std::char_traits<char>, std::allocator<char> > (*)(), tvm::meta_schedule::TaskScheduler (* const&)(tvm::runtime::Array<tvm::meta_schedule::TuneContext, void>, tvm::runtime::Array<tvm::FloatImm, void>, tvm::meta_schedule::Builder, tvm::meta_schedule::Runner, tvm::meta_schedule::Database, int, tvm::runtime::Optional<tvm::meta_schedule::CostModel>, tvm::runtime::Optional<tvm::runtime::Array<tvm::meta_schedule::MeasureCallback, void> >, double, int, long), tvm::runtime::TVMArgs const&, tvm::runtime::TVMRetValue*, tvm::runtime::TVMMovableArgValueWithContext_&&, tvm::runtime::TVMMovableArgValueWithContext_&&, tvm::runtime::TVMMovableArgValueWithContext_&&, tvm::runtime::TVMMovableArgValueWithContext_&&, tvm::runtime::TVMMovableArgValueWithContext_&&, tvm::runtime::TVMMovableArgValueWithContext_&&, tvm::runtime::TVMMovableArgValueWithContext_&&)
        at /home/yj/tvm/include/tvm/runtime/packed_func.h:1631
  44: void tvm::runtime::detail::unpack_call_dispatcher<tvm::meta_schedule::TaskScheduler, 3, 8, tvm::meta_schedule::TaskScheduler (*)(tvm::runtime::Array<tvm::meta_schedule::TuneContext, void>, tvm::runtime::Array<tvm::FloatImm, void>, tvm::meta_schedule::Builder, tvm::meta_schedule::Runner, tvm::meta_schedule::Database, int, tvm::runtime::Optional<tvm::meta_schedule::CostModel>, tvm::runtime::Optional<tvm::runtime::Array<tvm::meta_schedule::MeasureCallback, void> >, double, int, long)>::run<tvm::runtime::TVMMovableArgValueWithContext_, tvm::runtime::TVMMovableArgValueWithContext_, tvm::runtime::TVMMovableArgValueWithContext_, tvm::runtime::TVMMovableArgValueWithContext_, tvm::runtime::TVMMovableArgValueWithContext_, tvm::runtime::TVMMovableArgValueWithContext_, tvm::runtime::TVMMovableArgValueWithContext_, tvm::runtime::TVMMovableArgValueWithContext_>(std::__cxx11::basic_string<char, std::char_traits<char>, std::allocator<char> > const*, std::__cxx11::basic_string<char, std::char_traits<char>, std::allocator<char> > (*)(), tvm::meta_schedule::TaskScheduler (* const&)(tvm::runtime::Array<tvm::meta_schedule::TuneContext, void>, tvm::runtime::Array<tvm::FloatImm, void>, tvm::meta_schedule::Builder, tvm::meta_schedule::Runner, tvm::meta_schedule::Database, int, tvm::runtime::Optional<tvm::meta_schedule::CostModel>, tvm::runtime::Optional<tvm::runtime::Array<tvm::meta_schedule::MeasureCallback, void> >, double, int, long), tvm::runtime::TVMArgs const&, tvm::runtime::TVMRetValue*, tvm::runtime::TVMMovableArgValueWithContext_&&, tvm::runtime::TVMMovableArgValueWithContext_&&, tvm::runtime::TVMMovableArgValueWithContext_&&, tvm::runtime::TVMMovableArgValueWithContext_&&, tvm::runtime::TVMMovableArgValueWithContext_&&, tvm::runtime::TVMMovableArgValueWithContext_&&, tvm::runtime::TVMMovableArgValueWithContext_&&, tvm::runtime::TVMMovableArgValueWithContext_&&)
        at /home/yj/tvm/include/tvm/runtime/packed_func.h:1631
  43: void tvm::runtime::detail::unpack_call_dispatcher<tvm::meta_schedule::TaskScheduler, 2, 9, tvm::meta_schedule::TaskScheduler (*)(tvm::runtime::Array<tvm::meta_schedule::TuneContext, void>, tvm::runtime::Array<tvm::FloatImm, void>, tvm::meta_schedule::Builder, tvm::meta_schedule::Runner, tvm::meta_schedule::Database, int, tvm::runtime::Optional<tvm::meta_schedule::CostModel>, tvm::runtime::Optional<tvm::runtime::Array<tvm::meta_schedule::MeasureCallback, void> >, double, int, long)>::run<tvm::runtime::TVMMovableArgValueWithContext_, tvm::runtime::TVMMovableArgValueWithContext_, tvm::runtime::TVMMovableArgValueWithContext_, tvm::runtime::TVMMovableArgValueWithContext_, tvm::runtime::TVMMovableArgValueWithContext_, tvm::runtime::TVMMovableArgValueWithContext_, tvm::runtime::TVMMovableArgValueWithContext_, tvm::runtime::TVMMovableArgValueWithContext_, tvm::runtime::TVMMovableArgValueWithContext_>(std::__cxx11::basic_string<char, std::char_traits<char>, std::allocator<char> > const*, std::__cxx11::basic_string<char, std::char_traits<char>, std::allocator<char> > (*)(), tvm::meta_schedule::TaskScheduler (* const&)(tvm::runtime::Array<tvm::meta_schedule::TuneContext, void>, tvm::runtime::Array<tvm::FloatImm, void>, tvm::meta_schedule::Builder, tvm::meta_schedule::Runner, tvm::meta_schedule::Database, int, tvm::runtime::Optional<tvm::meta_schedule::CostModel>, tvm::runtime::Optional<tvm::runtime::Array<tvm::meta_schedule::MeasureCallback, void> >, double, int, long), tvm::runtime::TVMArgs const&, tvm::runtime::TVMRetValue*, tvm::runtime::TVMMovableArgValueWithContext_&&, tvm::runtime::TVMMovableArgValueWithContext_&&, tvm::runtime::TVMMovableArgValueWithContext_&&, tvm::runtime::TVMMovableArgValueWithContext_&&, tvm::runtime::TVMMovableArgValueWithContext_&&, tvm::runtime::TVMMovableArgValueWithContext_&&, tvm::runtime::TVMMovableArgValueWithContext_&&, tvm::runtime::TVMMovableArgValueWithContext_&&, tvm::runtime::TVMMovableArgValueWithContext_&&)
        at /home/yj/tvm/include/tvm/runtime/packed_func.h:1631
  42: void tvm::runtime::detail::unpack_call_dispatcher<tvm::meta_schedule::TaskScheduler, 1, 10, tvm::meta_schedule::TaskScheduler (*)(tvm::runtime::Array<tvm::meta_schedule::TuneContext, void>, tvm::runtime::Array<tvm::FloatImm, void>, tvm::meta_schedule::Builder, tvm::meta_schedule::Runner, tvm::meta_schedule::Database, int, tvm::runtime::Optional<tvm::meta_schedule::CostModel>, tvm::runtime::Optional<tvm::runtime::Array<tvm::meta_schedule::MeasureCallback, void> >, double, int, long)>::run<tvm::runtime::TVMMovableArgValueWithContext_, tvm::runtime::TVMMovableArgValueWithContext_, tvm::runtime::TVMMovableArgValueWithContext_, tvm::runtime::TVMMovableArgValueWithContext_, tvm::runtime::TVMMovableArgValueWithContext_, tvm::runtime::TVMMovableArgValueWithContext_, tvm::runtime::TVMMovableArgValueWithContext_, tvm::runtime::TVMMovableArgValueWithContext_, tvm::runtime::TVMMovableArgValueWithContext_, tvm::runtime::TVMMovableArgValueWithContext_>(std::__cxx11::basic_string<char, std::char_traits<char>, std::allocator<char> > const*, std::__cxx11::basic_string<char, std::char_traits<char>, std::allocator<char> > (*)(), tvm::meta_schedule::TaskScheduler (* const&)(tvm::runtime::Array<tvm::meta_schedule::TuneContext, void>, tvm::runtime::Array<tvm::FloatImm, void>, tvm::meta_schedule::Builder, tvm::meta_schedule::Runner, tvm::meta_schedule::Database, int, tvm::runtime::Optional<tvm::meta_schedule::CostModel>, tvm::runtime::Optional<tvm::runtime::Array<tvm::meta_schedule::MeasureCallback, void> >, double, int, long), tvm::runtime::TVMArgs const&, tvm::runtime::TVMRetValue*, tvm::runtime::TVMMovableArgValueWithContext_&&, tvm::runtime::TVMMovableArgValueWithContext_&&, tvm::runtime::TVMMovableArgValueWithContext_&&, tvm::runtime::TVMMovableArgValueWithContext_&&, tvm::runtime::TVMMovableArgValueWithContext_&&, tvm::runtime::TVMMovableArgValueWithContext_&&, tvm::runtime::TVMMovableArgValueWithContext_&&, tvm::runtime::TVMMovableArgValueWithContext_&&, tvm::runtime::TVMMovableArgValueWithContext_&&, tvm::runtime::TVMMovableArgValueWithContext_&&)
        at /home/yj/tvm/include/tvm/runtime/packed_func.h:1631
  41: void tvm::runtime::detail::unpack_call_dispatcher<tvm::meta_schedule::TaskScheduler, 0, 11, tvm::meta_schedule::TaskScheduler (*)(tvm::runtime::Array<tvm::meta_schedule::TuneContext, void>, tvm::runtime::Array<tvm::FloatImm, void>, tvm::meta_schedule::Builder, tvm::meta_schedule::Runner, tvm::meta_schedule::Database, int, tvm::runtime::Optional<tvm::meta_schedule::CostModel>, tvm::runtime::Optional<tvm::runtime::Array<tvm::meta_schedule::MeasureCallback, void> >, double, int, long)>::run<tvm::runtime::TVMMovableArgValueWithContext_, tvm::runtime::TVMMovableArgValueWithContext_, tvm::runtime::TVMMovableArgValueWithContext_, tvm::runtime::TVMMovableArgValueWithContext_, tvm::runtime::TVMMovableArgValueWithContext_, tvm::runtime::TVMMovableArgValueWithContext_, tvm::runtime::TVMMovableArgValueWithContext_, tvm::runtime::TVMMovableArgValueWithContext_, tvm::runtime::TVMMovableArgValueWithContext_, tvm::runtime::TVMMovableArgValueWithContext_, tvm::runtime::TVMMovableArgValueWithContext_>(std::__cxx11::basic_string<char, std::char_traits<char>, std::allocator<char> > const*, std::__cxx11::basic_string<char, std::char_traits<char>, std::allocator<char> > (*)(), tvm::meta_schedule::TaskScheduler (* const&)(tvm::runtime::Array<tvm::meta_schedule::TuneContext, void>, tvm::runtime::Array<tvm::FloatImm, void>, tvm::meta_schedule::Builder, tvm::meta_schedule::Runner, tvm::meta_schedule::Database, int, tvm::runtime::Optional<tvm::meta_schedule::CostModel>, tvm::runtime::Optional<tvm::runtime::Array<tvm::meta_schedule::MeasureCallback, void> >, double, int, long), tvm::runtime::TVMArgs const&, tvm::runtime::TVMRetValue*, tvm::runtime::TVMMovableArgValueWithContext_&&, tvm::runtime::TVMMovableArgValueWithContext_&&, tvm::runtime::TVMMovableArgValueWithContext_&&, tvm::runtime::TVMMovableArgValueWithContext_&&, tvm::runtime::TVMMovableArgValueWithContext_&&, tvm::runtime::TVMMovableArgValueWithContext_&&, tvm::runtime::TVMMovableArgValueWithContext_&&, tvm::runtime::TVMMovableArgValueWithContext_&&, tvm::runtime::TVMMovableArgValueWithContext_&&, tvm::runtime::TVMMovableArgValueWithContext_&&, tvm::runtime::TVMMovableArgValueWithContext_&&)
        at /home/yj/tvm/include/tvm/runtime/packed_func.h:1646
  40: tvm::meta_schedule::TaskScheduler::GradientBased(tvm::runtime::Array<tvm::meta_schedule::TuneContext, void>, tvm::runtime::Array<tvm::FloatImm, void>, tvm::meta_schedule::Builder, tvm::meta_schedule::Runner, tvm::meta_schedule::Database, int, tvm::runtime::Optional<tvm::meta_schedule::CostModel>, tvm::runtime::Optional<tvm::runtime::Array<tvm::meta_schedule::MeasureCallback, void> >, double, int, long)
        at /home/yj/tvm/src/meta_schedule/task_scheduler/gradient_based.cc:197
  39: tvm::tir::EstimateTIRFlops(tvm::IRModule const&)
        at /home/yj/tvm/src/tir/analysis/estimate_flops.cc:200
  38: VisitPrimFuncs<tvm::tir::EstimateTIRFlops(const tvm::IRModule&)::<lambda(const tvm::tir::PrimFuncNode*)> >
        at /home/yj/tvm/include/tvm/tir/analysis.h:70
  37: operator()
        at /home/yj/tvm/src/tir/analysis/estimate_flops.cc:201
  36: tvm::tir::FlopEstimator::VisitStmt(tvm::tir::Stmt const&)
        at /home/yj/tvm/src/tir/analysis/estimate_flops.cc:89
  35: tvm::tir::StmtFunctor<tvm::tir::TResult (tvm::tir::Stmt const&)>::VisitStmt(tvm::tir::Stmt const&)
        at /home/yj/tvm/include/tvm/tir/stmt_functor.h:81
  34: tvm::NodeFunctor<tvm::tir::TResult (tvm::runtime::ObjectRef const&, tvm::tir::StmtFunctor<tvm::tir::TResult (tvm::tir::Stmt const&)>*)>::operator()(tvm::runtime::ObjectRef const&, tvm::tir::StmtFunctor<tvm::tir::TResult (tvm::tir::Stmt const&)>*) const
        at /home/yj/tvm/include/tvm/node/functor.h:97
  33: tvm::tir::StmtFunctor<tvm::tir::TResult (tvm::tir::Stmt const&)>::InitVTable()::{lambda(tvm::runtime::ObjectRef const&, tvm::tir::StmtFunctor<tvm::tir::TResult (tvm::tir::Stmt const&)>*)#18}::_FUN(tvm::runtime::ObjectRef const&, tvm::tir::StmtFunctor<tvm::tir::TResult (tvm::tir::Stmt const&)>*)
        at /home/yj/tvm/include/tvm/tir/stmt_functor.h:128
  32: tvm::tir::StmtFunctor<tvm::tir::TResult (tvm::tir::Stmt const&)>::InitVTable()::{lambda(tvm::runtime::ObjectRef const&, tvm::tir::StmtFunctor<tvm::tir::TResult (tvm::tir::Stmt const&)>*)#18}::operator()(tvm::runtime::ObjectRef const&, tvm::tir::StmtFunctor<tvm::tir::TResult (tvm::tir::Stmt const&)>*) const
        at /home/yj/tvm/include/tvm/tir/stmt_functor.h:128
  31: tvm::tir::FlopEstimator::VisitStmt_(tvm::tir::BlockRealizeNode const*)
        at /home/yj/tvm/src/tir/analysis/estimate_flops.cc:130
  30: tvm::tir::FlopEstimator::VisitStmt(tvm::tir::Stmt const&)
        at /home/yj/tvm/src/tir/analysis/estimate_flops.cc:89
  29: tvm::tir::StmtFunctor<tvm::tir::TResult (tvm::tir::Stmt const&)>::VisitStmt(tvm::tir::Stmt const&)
        at /home/yj/tvm/include/tvm/tir/stmt_functor.h:81
  28: tvm::NodeFunctor<tvm::tir::TResult (tvm::runtime::ObjectRef const&, tvm::tir::StmtFunctor<tvm::tir::TResult (tvm::tir::Stmt const&)>*)>::operator()(tvm::runtime::ObjectRef const&, tvm::tir::StmtFunctor<tvm::tir::TResult (tvm::tir::Stmt const&)>*) const
        at /home/yj/tvm/include/tvm/node/functor.h:97
  27: tvm::tir::StmtFunctor<tvm::tir::TResult (tvm::tir::Stmt const&)>::InitVTable()::{lambda(tvm::runtime::ObjectRef const&, tvm::tir::StmtFunctor<tvm::tir::TResult (tvm::tir::Stmt const&)>*)#13}::_FUN(tvm::runtime::ObjectRef const&, tvm::tir::StmtFunctor<tvm::tir::TResult (tvm::tir::Stmt const&)>*)
        at /home/yj/tvm/include/tvm/tir/stmt_functor.h:123
  26: tvm::tir::StmtFunctor<tvm::tir::TResult (tvm::tir::Stmt const&)>::InitVTable()::{lambda(tvm::runtime::ObjectRef const&, tvm::tir::StmtFunctor<tvm::tir::TResult (tvm::tir::Stmt const&)>*)#13}::operator()(tvm::runtime::ObjectRef const&, tvm::tir::StmtFunctor<tvm::tir::TResult (tvm::tir::Stmt const&)>*) const
        at /home/yj/tvm/include/tvm/tir/stmt_functor.h:123
  25: tvm::tir::FlopEstimator::VisitStmt_(tvm::tir::SeqStmtNode const*)
        at /home/yj/tvm/src/tir/analysis/estimate_flops.cc:170
  24: tvm::tir::FlopEstimator::VisitStmt(tvm::tir::Stmt const&)
        at /home/yj/tvm/src/tir/analysis/estimate_flops.cc:89
  23: tvm::tir::StmtFunctor<tvm::tir::TResult (tvm::tir::Stmt const&)>::VisitStmt(tvm::tir::Stmt const&)
        at /home/yj/tvm/include/tvm/tir/stmt_functor.h:81
  22: tvm::NodeFunctor<tvm::tir::TResult (tvm::runtime::ObjectRef const&, tvm::tir::StmtFunctor<tvm::tir::TResult (tvm::tir::Stmt const&)>*)>::operator()(tvm::runtime::ObjectRef const&, tvm::tir::StmtFunctor<tvm::tir::TResult (tvm::tir::Stmt const&)>*) const
        at /home/yj/tvm/include/tvm/node/functor.h:97
  21: tvm::tir::StmtFunctor<tvm::tir::TResult (tvm::tir::Stmt const&)>::InitVTable()::{lambda(tvm::runtime::ObjectRef const&, tvm::tir::StmtFunctor<tvm::tir::TResult (tvm::tir::Stmt const&)>*)#4}::_FUN(tvm::runtime::ObjectRef const&, tvm::tir::StmtFunctor<tvm::tir::TResult (tvm::tir::Stmt const&)>*)
        at /home/yj/tvm/include/tvm/tir/stmt_functor.h:114
  20: tvm::tir::StmtFunctor<tvm::tir::TResult (tvm::tir::Stmt const&)>::InitVTable()::{lambda(tvm::runtime::ObjectRef const&, tvm::tir::StmtFunctor<tvm::tir::TResult (tvm::tir::Stmt const&)>*)#4}::operator()(tvm::runtime::ObjectRef const&, tvm::tir::StmtFunctor<tvm::tir::TResult (tvm::tir::Stmt const&)>*) const
        at /home/yj/tvm/include/tvm/tir/stmt_functor.h:114
  19: tvm::tir::FlopEstimator::VisitStmt_(tvm::tir::ForNode const*)
        at /home/yj/tvm/src/tir/analysis/estimate_flops.cc:141
  18: tvm::tir::FlopEstimator::VisitStmt(tvm::tir::Stmt const&)
        at /home/yj/tvm/src/tir/analysis/estimate_flops.cc:89
  17: tvm::tir::StmtFunctor<tvm::tir::TResult (tvm::tir::Stmt const&)>::VisitStmt(tvm::tir::Stmt const&)
        at /home/yj/tvm/include/tvm/tir/stmt_functor.h:81
  16: tvm::NodeFunctor<tvm::tir::TResult (tvm::runtime::ObjectRef const&, tvm::tir::StmtFunctor<tvm::tir::TResult (tvm::tir::Stmt const&)>*)>::operator()(tvm::runtime::ObjectRef const&, tvm::tir::StmtFunctor<tvm::tir::TResult (tvm::tir::Stmt const&)>*) const
        at /home/yj/tvm/include/tvm/node/functor.h:97
  15: tvm::tir::StmtFunctor<tvm::tir::TResult (tvm::tir::Stmt const&)>::InitVTable()::{lambda(tvm::runtime::ObjectRef const&, tvm::tir::StmtFunctor<tvm::tir::TResult (tvm::tir::Stmt const&)>*)#4}::_FUN(tvm::runtime::ObjectRef const&, tvm::tir::StmtFunctor<tvm::tir::TResult (tvm::tir::Stmt const&)>*)
        at /home/yj/tvm/include/tvm/tir/stmt_functor.h:114
  14: tvm::tir::StmtFunctor<tvm::tir::TResult (tvm::tir::Stmt const&)>::InitVTable()::{lambda(tvm::runtime::ObjectRef const&, tvm::tir::StmtFunctor<tvm::tir::TResult (tvm::tir::Stmt const&)>*)#4}::operator()(tvm::runtime::ObjectRef const&, tvm::tir::StmtFunctor<tvm::tir::TResult (tvm::tir::Stmt const&)>*) const
        at /home/yj/tvm/include/tvm/tir/stmt_functor.h:114
  13: tvm::tir::FlopEstimator::VisitStmt_(tvm::tir::ForNode const*)
        at /home/yj/tvm/src/tir/analysis/estimate_flops.cc:141
  12: tvm::tir::FlopEstimator::VisitStmt(tvm::tir::Stmt const&)
        at /home/yj/tvm/src/tir/analysis/estimate_flops.cc:89
  11: tvm::tir::StmtFunctor<tvm::tir::TResult (tvm::tir::Stmt const&)>::VisitStmt(tvm::tir::Stmt const&)
        at /home/yj/tvm/include/tvm/tir/stmt_functor.h:81
  10: tvm::NodeFunctor<tvm::tir::TResult (tvm::runtime::ObjectRef const&, tvm::tir::StmtFunctor<tvm::tir::TResult (tvm::tir::Stmt const&)>*)>::operator()(tvm::runtime::ObjectRef const&, tvm::tir::StmtFunctor<tvm::tir::TResult (tvm::tir::Stmt const&)>*) const
        at /home/yj/tvm/include/tvm/node/functor.h:97
  9: tvm::tir::StmtFunctor<tvm::tir::TResult (tvm::tir::Stmt const&)>::InitVTable()::{lambda(tvm::runtime::ObjectRef const&, tvm::tir::StmtFunctor<tvm::tir::TResult (tvm::tir::Stmt const&)>*)#18}::_FUN(tvm::runtime::ObjectRef const&, tvm::tir::StmtFunctor<tvm::tir::TResult (tvm::tir::Stmt const&)>*)
        at /home/yj/tvm/include/tvm/tir/stmt_functor.h:128
  8: tvm::tir::StmtFunctor<tvm::tir::TResult (tvm::tir::Stmt const&)>::InitVTable()::{lambda(tvm::runtime::ObjectRef const&, tvm::tir::StmtFunctor<tvm::tir::TResult (tvm::tir::Stmt const&)>*)#18}::operator()(tvm::runtime::ObjectRef const&, tvm::tir::StmtFunctor<tvm::tir::TResult (tvm::tir::Stmt const&)>*) const
        at /home/yj/tvm/include/tvm/tir/stmt_functor.h:128
  7: tvm::tir::FlopEstimator::VisitStmt_(tvm::tir::BlockRealizeNode const*)
        at /home/yj/tvm/src/tir/analysis/estimate_flops.cc:130
  6: tvm::tir::FlopEstimator::VisitStmt(tvm::tir::Stmt const&)
        at /home/yj/tvm/src/tir/analysis/estimate_flops.cc:89
  5: tvm::tir::StmtFunctor<tvm::tir::TResult (tvm::tir::Stmt const&)>::VisitStmt(tvm::tir::Stmt const&)
        at /home/yj/tvm/include/tvm/tir/stmt_functor.h:81
  4: tvm::NodeFunctor<tvm::tir::TResult (tvm::runtime::ObjectRef const&, tvm::tir::StmtFunctor<tvm::tir::TResult (tvm::tir::Stmt const&)>*)>::operator()(tvm::runtime::ObjectRef const&, tvm::tir::StmtFunctor<tvm::tir::TResult (tvm::tir::Stmt const&)>*) const
        at /home/yj/tvm/include/tvm/node/functor.h:97
  3: tvm::tir::StmtFunctor<tvm::tir::TResult (tvm::tir::Stmt const&)>::InitVTable()::{lambda(tvm::runtime::ObjectRef const&, tvm::tir::StmtFunctor<tvm::tir::TResult (tvm::tir::Stmt const&)>*)#1}::_FUN(tvm::runtime::ObjectRef const&, tvm::tir::StmtFunctor<tvm::tir::TResult (tvm::tir::Stmt const&)>*)
        at /home/yj/tvm/include/tvm/tir/stmt_functor.h:111
  2: tvm::tir::StmtFunctor<tvm::tir::TResult (tvm::tir::Stmt const&)>::InitVTable()::{lambda(tvm::runtime::ObjectRef const&, tvm::tir::StmtFunctor<tvm::tir::TResult (tvm::tir::Stmt const&)>*)#1}::operator()(tvm::runtime::ObjectRef const&, tvm::tir::StmtFunctor<tvm::tir::TResult (tvm::tir::Stmt const&)>*) const
        at /home/yj/tvm/include/tvm/tir/stmt_functor.h:111
  1: tvm::tir::StmtFunctor<tvm::tir::TResult (tvm::tir::Stmt const&)>::VisitStmt_(tvm::tir::LetStmtNode const*)
        at /home/yj/tvm/include/tvm/tir/stmt_functor.h:84
  0: tvm::tir::StmtFunctor<tvm::tir::TResult (tvm::tir::Stmt const&)>::VisitStmtDefault_(tvm::runtime::Object const*)
        at /home/yj/tvm/include/tvm/tir/stmt_functor.h:103
  File "/home/yj/tvm/include/tvm/tir/stmt_functor.h", line 103
TVMError: Do not have a default for tir.LetStmt
